<?xml version="1.0" encoding="UTF-8"?>
<!-- Generated by org.testng.reporters.JUnitXMLReporter -->
<testsuite hostname="LAPTOP-QL0RBTBH" ignored="0" name="Default test" tests="6" failures="0" timestamp="2020-07-03T00:09:47 IST" time="0.956" errors="0">
  <testcase name="@BeforeTest startReport" time="0.055" classname="com.skillassure.happytrip.tests.ExtendReportClass">
    <failure type="java.lang.NoClassDefFoundError" message="freemarker/template/TemplateModelException">
      <![CDATA[java.lang.NoClassDefFoundError: freemarker/template/TemplateModelException
at com.relevantcodes.extentreports.ExtentReports.<init>(ExtentReports.java:86)
at com.relevantcodes.extentreports.ExtentReports.<init>(ExtentReports.java:375)
at com.skillassure.happytrip.tests.ExtendReportClass.startReport(ExtendReportClass.java:32)
at sun.reflect.NativeMethodAccessorImpl.invoke0(Native Method)
at sun.reflect.NativeMethodAccessorImpl.invoke(Unknown Source)
at sun.reflect.DelegatingMethodAccessorImpl.invoke(Unknown Source)
at java.lang.reflect.Method.invoke(Unknown Source)
at org.testng.internal.MethodInvocationHelper.invokeMethod(MethodInvocationHelper.java:134)
at org.testng.internal.MethodInvocationHelper.invokeMethodConsideringTimeout(MethodInvocationHelper.java:63)
at org.testng.internal.ConfigInvoker.invokeConfigurationMethod(ConfigInvoker.java:348)
at org.testng.internal.ConfigInvoker.invokeConfigurations(ConfigInvoker.java:302)
at org.testng.TestRunner.invokeTestConfigurations(TestRunner.java:619)
at org.testng.TestRunner.beforeRun(TestRunner.java:609)
at org.testng.TestRunner.run(TestRunner.java:580)
at org.testng.SuiteRunner.runTest(SuiteRunner.java:384)
at org.testng.SuiteRunner.runSequentially(SuiteRunner.java:378)
at org.testng.SuiteRunner.privateRun(SuiteRunner.java:337)
at org.testng.SuiteRunner.run(SuiteRunner.java:286)
at org.testng.SuiteRunnerWorker.runSuite(SuiteRunnerWorker.java:53)
at org.testng.SuiteRunnerWorker.run(SuiteRunnerWorker.java:96)
at org.testng.TestNG.runSuitesSequentially(TestNG.java:1187)
at org.testng.TestNG.runSuitesLocally(TestNG.java:1109)
at org.testng.TestNG.runSuites(TestNG.java:1039)
at org.testng.TestNG.run(TestNG.java:1007)
at org.testng.remote.AbstractRemoteTestNG.run(AbstractRemoteTestNG.java:115)
at org.testng.remote.RemoteTestNG.initAndRun(RemoteTestNG.java:251)
at org.testng.remote.RemoteTestNG.main(RemoteTestNG.java:77)
Caused by: java.lang.ClassNotFoundException: freemarker.template.TemplateModelException
at java.net.URLClassLoader.findClass(Unknown Source)
at java.lang.ClassLoader.loadClass(Unknown Source)
at sun.misc.Launcher$AppClassLoader.loadClass(Unknown Source)
at java.lang.ClassLoader.loadClass(Unknown Source)
... 27 more
]]>
    </failure>
  </testcase> <!-- @BeforeTest startReport -->
  <testcase name="@BeforeTest setup" time="-1.593715186803E9" classname="com.skillassure.happytrip.tests.HappyTripLogIn">
    <skipped/>
  </testcase> <!-- @BeforeTest setup -->
  <testcase name="@BeforeTest setup" time="-1.593715186807E9" classname="com.skillassure.happytrip.tests.LoginPageModel">
    <skipped/>
  </testcase> <!-- @BeforeTest setup -->
  <testcase name="@AfterMethod getResult" time="-1.593715186888E9" classname="com.skillassure.happytrip.tests.ExtendReportClass">
    <skipped/>
  </testcase> <!-- @AfterMethod getResult -->
  <testcase name="@AfterMethod getResult" time="-1.593715186916E9" classname="com.skillassure.happytrip.tests.ExtendReportClass">
    <skipped/>
  </testcase> <!-- @AfterMethod getResult -->
  <testcase name="@AfterMethod getResult" time="-1.593715186938E9" classname="com.skillassure.happytrip.tests.ExtendReportClass">
    <skipped/>
  </testcase> <!-- @AfterMethod getResult -->
  <testcase name="@BeforeMethod setup" time="-1.593715186962E9" classname="com.skillassure.happytrip.tests.BaseClass">
    <skipped/>
  </testcase> <!-- @BeforeMethod setup -->
  <testcase name="@AfterMethod tearDown" time="-1.593715187019E9" classname="com.skillassure.happytrip.tests.BaseClass">
    <skipped/>
  </testcase> <!-- @AfterMethod tearDown -->
  <testcase name="@AfterMethod teardown" time="-1.593715187672E9" classname="com.skillassure.happytrip.tests.HappyTripLogIn">
    <skipped/>
  </testcase> <!-- @AfterMethod teardown -->
  <testcase name="@AfterTest endReport" time="-1.593715187681E9" classname="com.skillassure.happytrip.tests.ExtendReportClass">
    <skipped/>
  </testcase> <!-- @AfterTest endReport -->
  <testcase name="@AfterTest tearDown" time="-1.593715187684E9" classname="com.skillassure.happytrip.tests.LoginPageModel">
    <skipped/>
  </testcase> <!-- @AfterTest tearDown -->
  <testcase name="failTest" time="0.0" classname="com.skillassure.happytrip.tests.ExtendReportClass">
    <skipped/>
  </testcase> <!-- failTest -->
  <testcase name="passTest" time="0.0" classname="com.skillassure.happytrip.tests.ExtendReportClass">
    <skipped/>
  </testcase> <!-- passTest -->
  <testcase name="skipTest" time="0.001" classname="com.skillassure.happytrip.tests.ExtendReportClass">
    <skipped/>
  </testcase> <!-- skipTest -->
  <testcase name="login" time="0.0" classname="com.skillassure.happytrip.tests.Login">
    <skipped/>
  </testcase> <!-- login -->
  <testcase name="logintoAdmin" time="0.0" classname="com.skillassure.happytrip.tests.HappyTripLogIn">
    <skipped/>
  </testcase> <!-- logintoAdmin -->
  <testcase name="login" time="0.0" classname="com.skillassure.happytrip.tests.LoginPageModel">
    <skipped/>
  </testcase> <!-- login -->
</testsuite> <!-- Default test -->
